#
# A fatal error has been detected by the Java Runtime Environment:
#
#  EXCEPTION_ACCESS_VIOLATION (0xc0000005) at pc=0x00007ffbbf696e53, pid=17544, tid=0x0000000000004ce0
#
# JRE version: Java(TM) SE Runtime Environment (8.0_281-b09) (build 1.8.0_281-b09)
# Java VM: Java HotSpot(TM) 64-Bit Server VM (25.281-b09 mixed mode windows-amd64 compressed oops)
# Problematic frame:
# C  [ucrtbase.dll+0x26e53]
#
# Failed to write core dump. Minidumps are not enabled by default on client versions of Windows
#
# If you would like to submit a bug report, please visit:
#   http://bugreport.java.com/bugreport/crash.jsp
# The crash happened outside the Java Virtual Machine in native code.
# See problematic frame for where to report the bug.
#

---------------  T H R E A D  ---------------

Current thread (0x00000212bda3f000):  JavaThread "RemotePrinterListener" daemon [_thread_in_native, id=19680, stack(0x0000004410700000,0x0000004410800000)]

siginfo: ExceptionCode=0xc0000005, reading address 0x0000000000000000

Registers:
RAX=0x0000000000000000, RBX=0x0000000000000000, RCX=0x0000000000000000, RDX=0x0000000000000000
RSP=0x00000044107fedb8, RBP=0x00000044107feea8, RSI=0x0000000000000000, RDI=0x00000212bda3f1f8
R8 =0x0000000000000000, R9 =0x0000000000000000, R10=0x000000000000000c, R11=0x00000000ffffffff
R12=0x0000000000000000, R13=0x00000212c1854370, R14=0x00000212bfaac828, R15=0x00000212c1a16040
RIP=0x00007ffbbf696e53, EFLAGS=0x0000000000010246

Top of Stack: (sp=0x00000044107fedb8)
0x00000044107fedb8:   00007ffb4e7649be 00000212bfaac820
0x00000044107fedc8:   00000044107feea8 0000000000000004
0x00000044107fedd8:   0000000000000004 00000212107fee40
0x00000044107fede8:   00000044107fee58 00000044107fee50
0x00000044107fedf8:   0000000000000001 00000212c1854370
0x00000044107fee08:   00000212c1a16040 fffffffffffffffe
0x00000044107fee18:   00000212c1854370 00000212bda3f000
0x00000044107fee28:   00000044107feec8 00000212bb15e2f0
0x00000044107fee38:   00000212a7389f4e 00000212c1854370
0x00000044107fee48:   0000000000000001 0000000000000044
0x00000044107fee58:   00000212107f0000 00000212a7389c02
0x00000044107fee68:   00000044107fee68 00000212c1854370
0x00000044107fee78:   00000044107feec8 00000212c1854868
0x00000044107fee88:   0000000000000000 00000212c1854370
0x00000044107fee98:   0000000000000000 00000044107feec8
0x00000044107feea8:   00000044107fef10 00000212a7378100 

Instructions: (pc=0x00007ffbbf696e53)
0x00007ffbbf696e33:   48 83 c2 02 48 3b d0 75 f2 49 2b d0 48 d1 fa 49
0x00007ffbbf696e43:   3b d1 0f 85 ba 00 00 00 49 8d 14 50 c5 f1 ef c9
0x00007ffbbf696e53:   c5 f5 75 0a c5 fd d7 c1 85 c0 c5 f8 77 75 06 48
0x00007ffbbf696e63:   83 c2 20 eb e7 66 39 0a 0f 84 8e 00 00 00 48 83 


Register to memory mapping:

RAX=0x0000000000000000 is an unknown value
RBX=0x0000000000000000 is an unknown value
RCX=0x0000000000000000 is an unknown value
RDX=0x0000000000000000 is an unknown value
RSP=0x00000044107fedb8 is pointing into the stack for thread: 0x00000212bda3f000
RBP=0x00000044107feea8 is pointing into the stack for thread: 0x00000212bda3f000
RSI=0x0000000000000000 is an unknown value
RDI=0x00000212bda3f1f8 is an unknown value
R8 =0x0000000000000000 is an unknown value
R9 =0x0000000000000000 is an unknown value
R10=0x000000000000000c is an unknown value
R11=0x00000000ffffffff is an unallocated location in the heap
R12=0x0000000000000000 is an unknown value
R13={method} {0x00000212c1854378} 'getRemotePrintersNames' '()[Ljava/lang/String;' in 'sun/print/Win32PrintServiceLookup'
R14=0x00000212bfaac828 is an unknown value
R15=0x00000212c1a16040 is an unknown value


Stack: [0x0000004410700000,0x0000004410800000],  sp=0x00000044107fedb8,  free space=1019k
Native frames: (J=compiled Java code, j=interpreted, Vv=VM code, C=native code)
C  [ucrtbase.dll+0x26e53]

Java frames: (J=compiled Java code, j=interpreted, Vv=VM code)
j  sun.print.Win32PrintServiceLookup.getRemotePrintersNames()[Ljava/lang/String;+0
j  sun.print.Win32PrintServiceLookup.access$400(Lsun/print/Win32PrintServiceLookup;)[Ljava/lang/String;+1
j  sun.print.Win32PrintServiceLookup$RemotePrinterChangeListener.run()V+4
j  java.lang.Thread.run()V+11
v  ~StubRoutines::call_stub

---------------  P R O C E S S  ---------------

Java Threads: ( => current thread )
=>0x00000212bda3f000 JavaThread "RemotePrinterListener" daemon [_thread_in_native, id=19680, stack(0x0000004410700000,0x0000004410800000)]
  0x00000212bda42000 JavaThread "TimerQueue" daemon [_thread_blocked, id=19896, stack(0x0000004410200000,0x0000004410300000)]
  0x00000212bda3d800 JavaThread "DestroyJavaVM" [_thread_blocked, id=19452, stack(0x000000440e900000,0x000000440ea00000)]
  0x00000212bda3f800 JavaThread "AWT-EventQueue-0" [_thread_blocked, id=19856, stack(0x0000004410000000,0x0000004410100000)]
  0x00000212bda3c800 JavaThread "AWT-Windows" daemon [_thread_in_native, id=17416, stack(0x000000440ff00000,0x0000004410000000)]
  0x00000212bda40800 JavaThread "AWT-Shutdown" [_thread_blocked, id=18908, stack(0x000000440fe00000,0x000000440ff00000)]
  0x00000212bda3b000 JavaThread "Java2D Disposer" daemon [_thread_blocked, id=4420, stack(0x000000440fd00000,0x000000440fe00000)]
  0x00000212bda3c000 JavaThread "Service Thread" daemon [_thread_blocked, id=9932, stack(0x000000440fb00000,0x000000440fc00000)]
  0x00000212bc690800 JavaThread "C1 CompilerThread3" daemon [_thread_in_native, id=14712, stack(0x000000440fa00000,0x000000440fb00000)]
  0x00000212bc68f800 JavaThread "C2 CompilerThread2" daemon [_thread_blocked, id=4412, stack(0x000000440f900000,0x000000440fa00000)]
  0x00000212bc68c000 JavaThread "C2 CompilerThread1" daemon [_thread_blocked, id=17192, stack(0x000000440f800000,0x000000440f900000)]
  0x00000212bc67b800 JavaThread "C2 CompilerThread0" daemon [_thread_blocked, id=16532, stack(0x000000440f700000,0x000000440f800000)]
  0x00000212bc67a000 JavaThread "Attach Listener" daemon [_thread_blocked, id=13092, stack(0x000000440f600000,0x000000440f700000)]
  0x00000212bc675000 JavaThread "Signal Dispatcher" daemon [_thread_blocked, id=17108, stack(0x000000440f500000,0x000000440f600000)]
  0x00000212bba2d800 JavaThread "Finalizer" daemon [_thread_blocked, id=6408, stack(0x000000440f400000,0x000000440f500000)]
  0x00000212bc649800 JavaThread "Reference Handler" daemon [_thread_blocked, id=8180, stack(0x000000440f300000,0x000000440f400000)]

Other Threads:
  0x00000212bc623800 VMThread [stack: 0x000000440f200000,0x000000440f300000] [id=15924]
  0x00000212bc6fd000 WatcherThread [stack: 0x000000440fc00000,0x000000440fd00000] [id=18396]

VM state:not at safepoint (normal execution)

VM Mutex/Monitor currently owned by a thread: None

heap address: 0x0000000081c00000, size: 2020 MB, Compressed Oops mode: 32-bit
Narrow klass base: 0x0000000000000000, Narrow klass shift: 3
Compressed class space size: 1073741824 Address: 0x0000000100000000

Heap:
 PSYoungGen      total 38400K, used 24214K [0x00000000d5f00000, 0x00000000d8980000, 0x0000000100000000)
  eden space 33280K, 72% used [0x00000000d5f00000,0x00000000d76a59b0,0x00000000d7f80000)
  from space 5120K, 0% used [0x00000000d8480000,0x00000000d8480000,0x00000000d8980000)
  to   space 5120K, 0% used [0x00000000d7f80000,0x00000000d7f80000,0x00000000d8480000)
 ParOldGen       total 48640K, used 8956K [0x0000000081c00000, 0x0000000084b80000, 0x00000000d5f00000)
  object space 48640K, 18% used [0x0000000081c00000,0x00000000824bf150,0x0000000084b80000)
 Metaspace       used 23962K, capacity 24244K, committed 24576K, reserved 1071104K
  class space    used 2889K, capacity 2996K, committed 3072K, reserved 1048576K

Card table byte_map: [0x00000212b6730000,0x00000212b6b30000] byte_map_base: 0x00000212b6322000

Marking Bits: (ParMarkBitMap*) 0x0000000063086ff0
 Begin Bits: [0x00000212b6de0000, 0x00000212b8d70000)
 End Bits:   [0x00000212b8d70000, 0x00000212bad00000)

Polling page: 0x00000212a7340000

CodeCache: size=245760Kb used=9183Kb max_used=9232Kb free=236576Kb
 bounds [0x00000212a7370000, 0x00000212a7c80000, 0x00000212b6370000]
 total_blobs=3517 nmethods=2856 adapters=573
 compilation: enabled

Compilation events (10 events):
Event: 22.768 Thread 0x00000212bc690800 nmethod 2892 0x00000212a7c77c90 code [0x00000212a7c77e60, 0x00000212a7c78600]
Event: 22.769 Thread 0x00000212bc690800 2893       3       sun.java2d.SunGraphics2D::clipRect (17 bytes)
Event: 22.769 Thread 0x00000212bc690800 nmethod 2893 0x00000212a7577410 code [0x00000212a75775c0, 0x00000212a7577c70]
Event: 22.769 Thread 0x00000212bc690800 2894       3       sun.java2d.SunGraphics2D::clip (35 bytes)
Event: 22.769 Thread 0x00000212bc690800 nmethod 2894 0x00000212a7c77650 code [0x00000212a7c777e0, 0x00000212a7c77bd0]
Event: 22.771 Thread 0x00000212bc690800 2895       3       sun.java2d.SunGraphics2D::makeHints (175 bytes)
Event: 22.772 Thread 0x00000212bc690800 nmethod 2895 0x00000212a75754d0 code [0x00000212a75757a0, 0x00000212a7576650]
Event: 22.772 Thread 0x00000212bc690800 2896   !   3       java.awt.DefaultKeyboardFocusManager::dispatchEvent (1645 bytes)
Event: 22.773 Thread 0x00000212bc68f800 2897   !   4       java.awt.EventQueue::setCurrentEventAndMostRecentTimeImpl (185 bytes)
Event: 22.776 Thread 0x00000212bc67b800 2900   !   4       sun.awt.image.SurfaceManager::getManager (47 bytes)

GC Heap History (6 events):
Event: 0.957 GC heap before
{Heap before GC invocations=1 (full 0):
 PSYoungGen      total 38400K, used 33280K [0x00000000d5f00000, 0x00000000d8980000, 0x0000000100000000)
  eden space 33280K, 100% used [0x00000000d5f00000,0x00000000d7f80000,0x00000000d7f80000)
  from space 5120K, 0% used [0x00000000d8480000,0x00000000d8480000,0x00000000d8980000)
  to   space 5120K, 0% used [0x00000000d7f80000,0x00000000d7f80000,0x00000000d8480000)
 ParOldGen       total 87552K, used 0K [0x0000000081c00000, 0x0000000087180000, 0x00000000d5f00000)
  object space 87552K, 0% used [0x0000000081c00000,0x0000000081c00000,0x0000000087180000)
 Metaspace       used 17070K, capacity 17298K, committed 17536K, reserved 1064960K
  class space    used 2079K, capacity 2173K, committed 2176K, reserved 1048576K
Event: 0.962 GC heap after
Heap after GC invocations=1 (full 0):
 PSYoungGen      total 38400K, used 5088K [0x00000000d5f00000, 0x00000000d8980000, 0x0000000100000000)
  eden space 33280K, 0% used [0x00000000d5f00000,0x00000000d5f00000,0x00000000d7f80000)
  from space 5120K, 99% used [0x00000000d7f80000,0x00000000d8478090,0x00000000d8480000)
  to   space 5120K, 0% used [0x00000000d8480000,0x00000000d8480000,0x00000000d8980000)
 ParOldGen       total 87552K, used 3404K [0x0000000081c00000, 0x0000000087180000, 0x00000000d5f00000)
  object space 87552K, 3% used [0x0000000081c00000,0x0000000081f53240,0x0000000087180000)
 Metaspace       used 17070K, capacity 17298K, committed 17536K, reserved 1064960K
  class space    used 2079K, capacity 2173K, committed 2176K, reserved 1048576K
}
Event: 15.394 GC heap before
{Heap before GC invocations=2 (full 0):
 PSYoungGen      total 38400K, used 23071K [0x00000000d5f00000, 0x00000000d8980000, 0x0000000100000000)
  eden space 33280K, 54% used [0x00000000d5f00000,0x00000000d708fce0,0x00000000d7f80000)
  from space 5120K, 99% used [0x00000000d7f80000,0x00000000d8478090,0x00000000d8480000)
  to   space 5120K, 0% used [0x00000000d8480000,0x00000000d8480000,0x00000000d8980000)
 ParOldGen       total 87552K, used 3404K [0x0000000081c00000, 0x0000000087180000, 0x00000000d5f00000)
  object space 87552K, 3% used [0x0000000081c00000,0x0000000081f53240,0x0000000087180000)
 Metaspace       used 20730K, capacity 21004K, committed 21296K, reserved 1069056K
  class space    used 2496K, capacity 2594K, committed 2688K, reserved 1048576K
Event: 15.397 GC heap after
Heap after GC invocations=2 (full 0):
 PSYoungGen      total 38400K, used 5088K [0x00000000d5f00000, 0x00000000d8980000, 0x0000000100000000)
  eden space 33280K, 0% used [0x00000000d5f00000,0x00000000d5f00000,0x00000000d7f80000)
  from space 5120K, 99% used [0x00000000d8480000,0x00000000d8978090,0x00000000d8980000)
  to   space 5120K, 0% used [0x00000000d7f80000,0x00000000d7f80000,0x00000000d8480000)
 ParOldGen       total 87552K, used 9006K [0x0000000081c00000, 0x0000000087180000, 0x00000000d5f00000)
  object space 87552K, 10% used [0x0000000081c00000,0x00000000824cbb50,0x0000000087180000)
 Metaspace       used 20730K, capacity 21004K, committed 21296K, reserved 1069056K
  class space    used 2496K, capacity 2594K, committed 2688K, reserved 1048576K
}
Event: 15.397 GC heap before
{Heap before GC invocations=3 (full 1):
 PSYoungGen      total 38400K, used 5088K [0x00000000d5f00000, 0x00000000d8980000, 0x0000000100000000)
  eden space 33280K, 0% used [0x00000000d5f00000,0x00000000d5f00000,0x00000000d7f80000)
  from space 5120K, 99% used [0x00000000d8480000,0x00000000d8978090,0x00000000d8980000)
  to   space 5120K, 0% used [0x00000000d7f80000,0x00000000d7f80000,0x00000000d8480000)
 ParOldGen       total 87552K, used 9006K [0x0000000081c00000, 0x0000000087180000, 0x00000000d5f00000)
  object space 87552K, 10% used [0x0000000081c00000,0x00000000824cbb50,0x0000000087180000)
 Metaspace       used 20730K, capacity 21004K, committed 21296K, reserved 1069056K
  class space    used 2496K, capacity 2594K, committed 2688K, reserved 1048576K
Event: 15.420 GC heap after
Heap after GC invocations=3 (full 1):
 PSYoungGen      total 38400K, used 0K [0x00000000d5f00000, 0x00000000d8980000, 0x0000000100000000)
  eden space 33280K, 0% used [0x00000000d5f00000,0x00000000d5f00000,0x00000000d7f80000)
  from space 5120K, 0% used [0x00000000d8480000,0x00000000d8480000,0x00000000d8980000)
  to   space 5120K, 0% used [0x00000000d7f80000,0x00000000d7f80000,0x00000000d8480000)
 ParOldGen       total 48640K, used 8956K [0x0000000081c00000, 0x0000000084b80000, 0x00000000d5f00000)
  object space 48640K, 18% used [0x0000000081c00000,0x00000000824bf150,0x0000000084b80000)
 Metaspace       used 20730K, capacity 21004K, committed 21296K, reserved 1069056K
  class space    used 2496K, capacity 2594K, committed 2688K, reserved 1048576K
}

Deoptimization events (10 events):
Event: 15.700 Thread 0x00000212bda3e000 Uncommon trap: reason=unstable_if action=reinterpret pc=0x00000212a75d5610 method=sun.awt.image.PNGImageDecoder.produceImage()V @ 867
Event: 15.701 Thread 0x00000212bda3e000 Uncommon trap: reason=unstable_if action=reinterpret pc=0x00000212a75c7658 method=sun.awt.image.ImageRepresentation.getOpaqueRGBImage()Ljava/awt/image/BufferedImage; @ 57
Event: 18.721 Thread 0x00000212bda3f800 Uncommon trap: reason=unstable_if action=reinterpret pc=0x00000212a7b92fa8 method=java.awt.GradientPaintContext.clipFillRaster([IIIIIDDD)V @ 20
Event: 18.733 Thread 0x00000212bda3f800 Uncommon trap: reason=unstable_if action=reinterpret pc=0x00000212a7a51cd4 method=java.awt.MultipleGradientPaintContext.indexIntoGradientsArrays(F)I @ 118
Event: 18.733 Thread 0x00000212bda3f800 Uncommon trap: reason=unstable_if action=reinterpret pc=0x00000212a78a1214 method=java.awt.MultipleGradientPaintContext.indexIntoGradientsArrays(F)I @ 118
Event: 19.411 Thread 0x00000212bda3f800 Uncommon trap: reason=unstable_if action=reinterpret pc=0x00000212a7a55518 method=java.awt.Container.findComponentAtImpl(IIZ)Ljava/awt/Component; @ 131
Event: 22.744 Thread 0x00000212bda3f800 Uncommon trap: reason=bimorphic action=maybe_recompile pc=0x00000212a7ae0364 method=java.util.Hashtable.put(Ljava/lang/Object;Ljava/lang/Object;)Ljava/lang/Object; @ 60
Event: 22.744 Thread 0x00000212bda3f800 Uncommon trap: reason=bimorphic action=maybe_recompile pc=0x00000212a7ae0364 method=java.util.Hashtable.put(Ljava/lang/Object;Ljava/lang/Object;)Ljava/lang/Object; @ 60
Event: 22.744 Thread 0x00000212bda3f800 Uncommon trap: reason=bimorphic action=maybe_recompile pc=0x00000212a7ae0364 method=java.util.Hashtable.put(Ljava/lang/Object;Ljava/lang/Object;)Ljava/lang/Object; @ 60
Event: 22.744 Thread 0x00000212bda3f800 Uncommon trap: reason=bimorphic action=maybe_recompile pc=0x00000212a7ae0364 method=java.util.Hashtable.put(Ljava/lang/Object;Ljava/lang/Object;)Ljava/lang/Object; @ 60

Classes redefined (0 events):
No events

Internal exceptions (10 events):
Event: 0.212 Thread 0x00000212a5a51800 Exception <a 'java/lang/ClassNotFoundException': ToolBarSeparator> (0x00000000d634c468) thrown at [C:\jenkins\workspace\8-2-build-windows-amd64-cygwin\jdk8u281\880\hotspot\src\share\vm\classfile\systemDictionary.cpp, line 212]
Event: 0.212 Thread 0x00000212a5a51800 Exception <a 'java/lang/ClassNotFoundException': ToolTip> (0x00000000d634cba8) thrown at [C:\jenkins\workspace\8-2-build-windows-amd64-cygwin\jdk8u281\880\hotspot\src\share\vm\classfile\systemDictionary.cpp, line 212]
Event: 0.213 Thread 0x00000212a5a51800 Exception <a 'java/lang/ClassNotFoundException': Tree> (0x00000000d634d7c8) thrown at [C:\jenkins\workspace\8-2-build-windows-amd64-cygwin\jdk8u281\880\hotspot\src\share\vm\classfile\systemDictionary.cpp, line 212]
Event: 0.213 Thread 0x00000212a5a51800 Exception <a 'java/lang/ClassNotFoundException': Tree> (0x00000000d634df08) thrown at [C:\jenkins\workspace\8-2-build-windows-amd64-cygwin\jdk8u281\880\hotspot\src\share\vm\classfile\systemDictionary.cpp, line 212]
Event: 0.213 Thread 0x00000212a5a51800 Exception <a 'java/lang/ClassNotFoundException': javax/swing/JTreeCell> (0x00000000d634e288) thrown at [C:\jenkins\workspace\8-2-build-windows-amd64-cygwin\jdk8u281\880\hotspot\src\share\vm\classfile\systemDictionary.cpp, line 212]
Event: 0.213 Thread 0x00000212a5a51800 Exception <a 'java/lang/ClassNotFoundException': TreeCell> (0x00000000d634e710) thrown at [C:\jenkins\workspace\8-2-build-windows-amd64-cygwin\jdk8u281\880\hotspot\src\share\vm\classfile\systemDictionary.cpp, line 212]
Event: 0.213 Thread 0x00000212a5a51800 Exception <a 'java/lang/ClassNotFoundException': RootPane> (0x00000000d634f170) thrown at [C:\jenkins\workspace\8-2-build-windows-amd64-cygwin\jdk8u281\880\hotspot\src\share\vm\classfile\systemDictionary.cpp, line 212]
Event: 15.564 Thread 0x00000212bda3f800 Implicit null exception at 0x00000212a75f4e1a to 0x00000212a75f5125
Event: 22.732 Thread 0x00000212bda3f800 Exception <a 'java/awt/print/PrinterException': Invalid name of PrintService.> (0x00000000d75b8b70) thrown at [C:\jenkins\workspace\8-2-build-windows-amd64-cygwin\jdk8u281\880\hotspot\src\share\vm\prims\jni.cpp, line 737]
Event: 22.732 Thread 0x00000212bda3f800 Exception <a 'java/awt/print/PrinterException': Invalid name of PrintService.> (0x00000000d76192a0) thrown at [C:\jenkins\workspace\8-2-build-windows-amd64-cygwin\jdk8u281\880\hotspot\src\share\vm\prims\jni.cpp, line 737]

Events (10 events):
Event: 22.768 loading class java/awt/WaitDispatchSupport$1
Event: 22.768 loading class java/awt/WaitDispatchSupport$1 done
Event: 22.768 loading class java/awt/WaitDispatchSupport$2
Event: 22.768 loading class java/awt/WaitDispatchSupport$2 done
Event: 22.768 loading class java/awt/WaitDispatchSupport$4
Event: 22.768 loading class java/awt/WaitDispatchSupport$4 done
Event: 22.769 loading class javax/swing/plaf/nimbus/OptionPanePainter
Event: 22.770 loading class javax/swing/plaf/nimbus/OptionPanePainter done
Event: 22.770 loading class java/awt/geom/EllipseIterator
Event: 22.770 loading class java/awt/geom/EllipseIterator done


Dynamic libraries:
0x00007ff7604c0000 - 0x00007ff760507000 	C:\Program Files\Java\jdk1.8.0_281\bin\java.exe
0x00007ffbc1790000 - 0x00007ffbc1988000 	C:\WINDOWS\SYSTEM32\ntdll.dll
0x00007ffbbff40000 - 0x00007ffbbfffd000 	C:\WINDOWS\System32\KERNEL32.DLL
0x00007ffbbf250000 - 0x00007ffbbf51e000 	C:\WINDOWS\System32\KERNELBASE.dll
0x00007ffbc0a30000 - 0x00007ffbc0ade000 	C:\WINDOWS\System32\ADVAPI32.dll
0x00007ffbc0910000 - 0x00007ffbc09ae000 	C:\WINDOWS\System32\msvcrt.dll
0x00007ffbc12e0000 - 0x00007ffbc137c000 	C:\WINDOWS\System32\sechost.dll
0x00007ffbc1380000 - 0x00007ffbc14a5000 	C:\WINDOWS\System32\RPCRT4.dll
0x00007ffbc0cd0000 - 0x00007ffbc0e70000 	C:\WINDOWS\System32\USER32.dll
0x00007ffbbf190000 - 0x00007ffbbf1b2000 	C:\WINDOWS\System32\win32u.dll
0x00007ffbc08d0000 - 0x00007ffbc08fa000 	C:\WINDOWS\System32\GDI32.dll
0x00007ffbbee80000 - 0x00007ffbbef8b000 	C:\WINDOWS\System32\gdi32full.dll
0x00007ffbbf0f0000 - 0x00007ffbbf18d000 	C:\WINDOWS\System32\msvcp_win.dll
0x00007ffbbf670000 - 0x00007ffbbf770000 	C:\WINDOWS\System32\ucrtbase.dll
0x00007ffba4ac0000 - 0x00007ffba4d5a000 	C:\WINDOWS\WinSxS\amd64_microsoft.windows.common-controls_6595b64144ccf1df_6.0.19041.1110_none_60b5254171f9507e\COMCTL32.dll
0x00007ffbbf7c0000 - 0x00007ffbbf7f0000 	C:\WINDOWS\System32\IMM32.DLL
0x00007ffbb76e0000 - 0x00007ffbb76f5000 	C:\Program Files\Java\jdk1.8.0_281\jre\bin\vcruntime140.dll
0x00007ffb93e90000 - 0x00007ffb93f2b000 	C:\Program Files\Java\jdk1.8.0_281\jre\bin\msvcp140.dll
0x00000000628a0000 - 0x00000000630ff000 	C:\Program Files\Java\jdk1.8.0_281\jre\bin\server\jvm.dll
0x00007ffbc1710000 - 0x00007ffbc1718000 	C:\WINDOWS\System32\PSAPI.DLL
0x00007ffbb6390000 - 0x00007ffbb639a000 	C:\WINDOWS\SYSTEM32\VERSION.dll
0x00007ffba2b70000 - 0x00007ffba2b97000 	C:\WINDOWS\SYSTEM32\WINMM.dll
0x00007ffbb9ed0000 - 0x00007ffbb9ed9000 	C:\WINDOWS\SYSTEM32\WSOCK32.dll
0x00007ffbc09b0000 - 0x00007ffbc0a1b000 	C:\WINDOWS\System32\WS2_32.dll
0x00007ffbbd710000 - 0x00007ffbbd722000 	C:\WINDOWS\SYSTEM32\kernel.appcore.dll
0x00007ffbb9ec0000 - 0x00007ffbb9ed0000 	C:\Program Files\Java\jdk1.8.0_281\jre\bin\verify.dll
0x00007ffb94230000 - 0x00007ffb9425b000 	C:\Program Files\Java\jdk1.8.0_281\jre\bin\java.dll
0x00007ffb993c0000 - 0x00007ffb993d8000 	C:\Program Files\Java\jdk1.8.0_281\jre\bin\zip.dll
0x00007ffbbf7f0000 - 0x00007ffbbff34000 	C:\WINDOWS\System32\SHELL32.dll
0x00007ffbbcbb0000 - 0x00007ffbbd344000 	C:\WINDOWS\SYSTEM32\windows.storage.dll
0x00007ffbc0000000 - 0x00007ffbc0354000 	C:\WINDOWS\System32\combase.dll
0x00007ffbbe8e0000 - 0x00007ffbbe910000 	C:\WINDOWS\SYSTEM32\Wldp.dll
0x00007ffbc1660000 - 0x00007ffbc170d000 	C:\WINDOWS\System32\SHCORE.dll
0x00007ffbc0b90000 - 0x00007ffbc0be5000 	C:\WINDOWS\System32\shlwapi.dll
0x00007ffbbedc0000 - 0x00007ffbbeddf000 	C:\WINDOWS\SYSTEM32\profapi.dll
0x00007ffb4e6e0000 - 0x00007ffb4e875000 	C:\Program Files\Java\jdk1.8.0_281\jre\bin\awt.dll
0x00007ffbc14b0000 - 0x00007ffbc157d000 	C:\WINDOWS\System32\OLEAUT32.dll
0x00007ffbbc330000 - 0x00007ffbbc3c0000 	C:\WINDOWS\SYSTEM32\apphelp.dll
0x00007ffbbc4d0000 - 0x00007ffbbc56e000 	C:\WINDOWS\system32\uxtheme.dll
0x00007ffbc0440000 - 0x00007ffbc0555000 	C:\WINDOWS\System32\MSCTF.dll
0x00007ffbc0560000 - 0x00007ffbc068a000 	C:\WINDOWS\System32\ole32.dll
0x00007ffbbf1c0000 - 0x00007ffbbf242000 	C:\WINDOWS\System32\bcryptPrimitives.dll
0x00007ffbbc6e0000 - 0x00007ffbbc70f000 	C:\WINDOWS\system32\DWMAPI.DLL
0x00007ffb69000000 - 0x00007ffb69049000 	C:\Program Files\Java\jdk1.8.0_281\jre\bin\fontmanager.dll
0x00007ffb90de0000 - 0x00007ffb90f07000 	C:\WINDOWS\system32\opengl32.dll
0x00007ffb91300000 - 0x00007ffb9132c000 	C:\WINDOWS\SYSTEM32\GLU32.dll
0x00007ffb99360000 - 0x00007ffb9937c000 	C:\Program Files\Java\jdk1.8.0_281\jre\bin\net.dll
0x00007ffbbe640000 - 0x00007ffbbe6aa000 	C:\WINDOWS\system32\mswsock.dll
0x00007ffb94210000 - 0x00007ffb94223000 	C:\Program Files\Java\jdk1.8.0_281\jre\bin\nio.dll
0x00007ffb68fb0000 - 0x00007ffb68ff3000 	C:\Program Files\Java\jdk1.8.0_281\jre\bin\t2k.dll
0x00007ffbc0ae0000 - 0x00007ffbc0b89000 	C:\WINDOWS\System32\clbcatq.dll
0x00007ffbb7180000 - 0x00007ffbb7334000 	C:\WINDOWS\SYSTEM32\WindowsCodecs.dll
0x00007ffbbf640000 - 0x00007ffbbf667000 	C:\WINDOWS\System32\bcrypt.dll
0x00007ffb8e010000 - 0x00007ffb8e04e000 	C:\WINDOWS\system32\dataexchange.dll
0x00007ffbbb710000 - 0x00007ffbbb8f4000 	C:\WINDOWS\system32\dcomp.dll
0x00007ffbbac40000 - 0x00007ffbbaea3000 	C:\WINDOWS\system32\d3d11.dll
0x00007ffbbd780000 - 0x00007ffbbd873000 	C:\WINDOWS\system32\dxgi.dll
0x00007ffbb7780000 - 0x00007ffbb7980000 	C:\WINDOWS\system32\twinapi.appcore.dll
0x00007ffba2050000 - 0x00007ffba2067000 	C:\WINDOWS\system32\napinsp.dll
0x00007ffba1ff0000 - 0x00007ffba200b000 	C:\WINDOWS\system32\pnrpnsp.dll
0x00007ffbb98d0000 - 0x00007ffbb98e5000 	C:\WINDOWS\system32\wshbth.dll
0x00007ffbba200000 - 0x00007ffbba21d000 	C:\WINDOWS\system32\NLAapi.dll
0x00007ffbbe2e0000 - 0x00007ffbbe31b000 	C:\WINDOWS\SYSTEM32\IPHLPAPI.DLL
0x00007ffbbe320000 - 0x00007ffbbe3ea000 	C:\WINDOWS\SYSTEM32\DNSAPI.dll
0x00007ffbc0a20000 - 0x00007ffbc0a28000 	C:\WINDOWS\System32\NSI.dll
0x00007ffba1e00000 - 0x00007ffba1e12000 	C:\WINDOWS\System32\winrnr.dll
0x00007ffbb6230000 - 0x00007ffbb623a000 	C:\Windows\System32\rasadhlp.dll
0x00007ffba69f0000 - 0x00007ffba6a70000 	C:\WINDOWS\System32\fwpuclnt.dll
0x00007ffbbe840000 - 0x00007ffbbe858000 	C:\WINDOWS\SYSTEM32\CRYPTSP.dll
0x00007ffbbdf50000 - 0x00007ffbbdf84000 	C:\WINDOWS\system32\rsaenh.dll
0x00007ffbbed80000 - 0x00007ffbbedae000 	C:\WINDOWS\SYSTEM32\USERENV.dll
0x00007ffbbe830000 - 0x00007ffbbe83c000 	C:\WINDOWS\SYSTEM32\CRYPTBASE.dll
0x00007ffbb5b50000 - 0x00007ffbb5b67000 	C:\WINDOWS\SYSTEM32\dhcpcsvc6.DLL
0x00007ffbb6010000 - 0x00007ffbb602d000 	C:\WINDOWS\SYSTEM32\dhcpcsvc.DLL
0x00007ffb8b2b0000 - 0x00007ffb8b2d4000 	C:\Program Files\Java\jdk1.8.0_281\jre\bin\sunec.dll
0x00007ffbb9eb0000 - 0x00007ffbb9ebd000 	C:\Program Files\Java\jdk1.8.0_281\jre\bin\sunmscapi.dll
0x00007ffbbef90000 - 0x00007ffbbf0e6000 	C:\WINDOWS\System32\CRYPT32.dll
0x00007ffbbe950000 - 0x00007ffbbe977000 	C:\WINDOWS\SYSTEM32\ncrypt.dll
0x00007ffbbe910000 - 0x00007ffbbe94b000 	C:\WINDOWS\SYSTEM32\NTASN1.dll
0x00007ffbaa2f0000 - 0x00007ffbaa3e9000 	C:\WINDOWS\SYSTEM32\textinputframework.dll
0x00007ffbbbc90000 - 0x00007ffbbbfee000 	C:\WINDOWS\System32\CoreUIComponents.dll
0x00007ffbbbff0000 - 0x00007ffbbc0e2000 	C:\WINDOWS\System32\CoreMessaging.dll
0x00007ffbbdb80000 - 0x00007ffbbdbb3000 	C:\WINDOWS\SYSTEM32\ntmarta.dll
0x00007ffbbb5b0000 - 0x00007ffbbb704000 	C:\WINDOWS\SYSTEM32\wintypes.dll
0x00007ffb8c410000 - 0x00007ffb8c43a000 	C:\Program Files\Java\jdk1.8.0_281\jre\bin\dcpr.dll
0x00007ffbc0360000 - 0x00007ffbc043a000 	C:\WINDOWS\System32\COMDLG32.dll
0x00007ffb95950000 - 0x00007ffb959e8000 	C:\WINDOWS\SYSTEM32\WINSPOOL.DRV
0x00007ffbb9880000 - 0x00007ffbb98be000 	C:\WINDOWS\System32\netprofm.dll
0x00007ffbac700000 - 0x00007ffbac710000 	C:\WINDOWS\System32\npmproxy.dll
0x00007ffbbd410000 - 0x00007ffbbd5f4000 	C:\WINDOWS\SYSTEM32\dbghelp.dll

VM Arguments:
jvm_args: -Dfile.encoding=UTF-8 
java_command: concertmanagementsystem.Log_In
java_class_path (initial): E:\CSE 3.1\CSE3103 SPRING 2021_ DATABASE\Project\Concert Mania Final Edition\Concert Mania Project 6\mssql-jdbc-9.4.1.jre8.jar;E:\CSE 3.1\CSE3103 SPRING 2021_ DATABASE\Project\Concert Mania Final Edition\Concert Mania Project 6\jcalendar-1.4.jar;C:\Program Files\NetBeans 8.2\java\modules\ext\AbsoluteLayout.jar;E:\CSE 3.1\CSE3103 SPRING 2021_ DATABASE\Project\Concert Mania Final Edition\Concert Mania Project 6\ConcertMania\build\classes
Launcher Type: SUN_STANDARD

Environment Variables:
PATH=C:\Program Files (x86)\Razer Chroma SDK\bin;C:\Program Files\Razer Chroma SDK\bin;C:\Program Files (x86)\Razer\ChromaBroadcast\bin;C:\Program Files\Razer\ChromaBroadcast\bin;"C:\Program Files (x86)\Common Files\Oracle\Java\javapath;C:\Program Files\Java\jdk1.8.0_281\bin;C:\Program Files\Java\jre1.8.0_281\bin";C:\Program Files (x86)\PC Connectivity Solution\;C:\WINDOWS\system32;C:\WINDOWS;C:\WINDOWS\System32\Wbem;C:\WINDOWS\System32\WindowsPowerShell\v1.0\;C:\WINDOWS\System32\OpenSSH\;C:\Users\USER\AppData\Local\Microsoft\WindowsApps;C:\adb;C:\WINDOWS\system32;C:\WINDOWS;C:\WINDOWS\System32\Wbem;C:\WINDOWS\System32\WindowsPowerShell\v1.0\;C:\WINDOWS\System32\OpenSSH\;C:\Program Files (x86)\Microsoft SQL Server\100\Tools\Binn\;C:\Program Files\Microsoft SQL Server\100\Tools\Binn\;C:\Program Files\Microsoft SQL Server\100\DTS\Binn\;C:\Program Files\dotnet\;C:\Program Files (x86)\Microsoft SQL Server\100\Tools\Binn\VSShell\Common7\IDE\;C:\Program Files (x86)\Microsoft SQL Server\100\DTS\Binn\;C:\Program Files\Java\jdk1.8.0_311\bin;C:\WINDOWS\system32\config\systemprofile\AppData\Local\Microsoft\WindowsApps;C:\Program Files\Git\cmd;C:\Program Files\Microsoft SQL Server\150\Tools\Binn\;C:\Users\USER\AppData\Roaming\nvm;C:\Program Files\nodejs;C:\ProgramData\chocolatey\bin;C:\Program Files\nodejs\;C:\Program Files\Microsoft SQL Server\130\Tools\Binn\;C:\Users\USER\AppData\Local\Microsoft\WindowsApps;C:\Users\USER\.dotnet\tools;D:\Program Files\Microsoft VS Code\bin;C:\MinGW\bin;C:\Users\USER\AppData\Local\GitHubDesktop\bin;C:\MinGW\bin;C:\Users\USER\AppData\Roaming\nvm;C:\Program Files\nodejs;C:\Users\USER\AppData\Roaming\npm
USERNAME=USER
OS=Windows_NT
PROCESSOR_IDENTIFIER=Intel64 Family 6 Model 142 Stepping 11, GenuineIntel



---------------  S Y S T E M  ---------------

OS: Windows 10.0 , 64 bit Build 19041 (10.0.19041.1889)

CPU:total 8 (initial active 8) (4 cores per cpu, 2 threads per core) family 6 model 142 stepping 11, cmov, cx8, fxsr, mmx, sse, sse2, sse3, ssse3, sse4.1, sse4.2, popcnt, avx, avx2, aes, clmul, erms, 3dnowpref, lzcnt, ht, tsc, tscinvbit, bmi1, bmi2, adx

Memory: 4k page, physical 8272116k(1821864k free), swap 15350004k(4527728k free)

vm_info: Java HotSpot(TM) 64-Bit Server VM (25.281-b09) for windows-amd64 JRE (1.8.0_281-b09), built on Dec  9 2020 13:54:07 by "" with MS VC++ 15.9 (VS2017)

time: Tue Aug 30 07:35:15 2022
timezone: Bangladesh Standard Time
elapsed time: 22.788534 seconds (0d 0h 0m 22s)

